== ID:B26DD022E8253 =============================================

PRIMO 1.0.0 - Primality Certificate

Candidate 1/1
-------------
N = 795295756826023696062658909279022600224254620099

Decimal size = 48
Binary size = 160

-----------------------------------------------------------------
1) EC Test
-----------------------------------------------------------------
N = Candidate
S = 32768
R = 24270500391419180177693399171912770096402723
A =-35
B =-98
T = 0

-----------------------------------------------------------------
2) EC Test
-----------------------------------------------------------------
N = R of preceding test
S = 3988443
R = 6085206781548383712060960345060259699
A = 0
B = 4
T = 5

-----------------------------------------------------------------
3) EC Test
-----------------------------------------------------------------
N = R of preceding test
S = 85563
R = 71119605221280035943805722125599
A = 0
B = 16
T = 1

-----------------------------------------------------------------
4) EC Test
-----------------------------------------------------------------
N = R of preceding test
S = 365292
R = 194692479499359469991077483
A = 0
B = 16
T = 4

-----------------------------------------------------------------
5) N-1 Test
-----------------------------------------------------------------
N = R of preceding test
S = 142158
R = 1369549933871885296579
B = 2

-----------------------------------------------------------------
6) N-1 Test
-----------------------------------------------------------------
N = R of preceding test
S = 11049810318
R = 123943298071
B = 2

-----------------------------------------------------------------
7) SPP Test
-----------------------------------------------------------------
N = R of preceding test

Started 12/26/2001 10:10:03 AM
Running time < 1s

Candidate certified prime

=================================================================
